<?xml version="1.0" encoding="UTF-8"?>
<testsuite name="onboarding.ApplicationTest$Problem6Test" tests="1" skipped="0" failures="0" errors="0" timestamp="2023-09-18T17:43:22" hostname="jihyunMac.local" time="0.061">
  <properties/>
  <testcase name="case1()" classname="onboarding.ApplicationTest$Problem6Test" time="0.061"/>
  <system-out><![CDATA[]]></system-out>
  <system-err><![CDATA[]]></system-err>
</testsuite>
