<?xml version="1.0" encoding="UTF-8"?>
<testsuite name="onboarding.ApplicationTest$Problem3Test" tests="2" skipped="0" failures="0" errors="0" timestamp="2023-09-13T02:47:21" hostname="jihyunMac.local" time="0.048">
  <properties/>
  <testcase name="case1()" classname="onboarding.ApplicationTest$Problem3Test" time="0.047"/>
  <testcase name="case2()" classname="onboarding.ApplicationTest$Problem3Test" time="0.001"/>
  <system-out><![CDATA[]]></system-out>
  <system-err><![CDATA[]]></system-err>
</testsuite>
