<?xml version="1.0" encoding="UTF-8"?>
<testsuite name="onboarding.ApplicationTest$Problem5Test" tests="2" skipped="0" failures="0" errors="0" timestamp="2023-09-18T14:35:47" hostname="jihyunMac.local" time="0.054">
  <properties/>
  <testcase name="case1()" classname="onboarding.ApplicationTest$Problem5Test" time="0.053"/>
  <testcase name="case2()" classname="onboarding.ApplicationTest$Problem5Test" time="0.001"/>
  <system-out><![CDATA[]]></system-out>
  <system-err><![CDATA[]]></system-err>
</testsuite>
